 
****************************************
Report : area
Design : geofence
Version: R-2020.09
Date   : Mon Aug  8 23:29:58 2022
****************************************

Library(s) Used:

    slow (File: /cad/CBDK/CBDK_IC_Contest_v2.1/SynopsysDC/db/slow.db)

Number of ports:                         1623
Number of nets:                          7388
Number of cells:                         4908
Number of combinational cells:           4389
Number of sequential cells:               465
Number of macros/black boxes:               0
Number of buf/inv:                        947
Number of references:                     108

Combinational area:              63442.022699
Buf/Inv area:                     5491.088949
Noncombinational area:           15235.861931
Macro/Black Box area:                0.000000
Net Interconnect area:          674010.052338

Total cell area:                 78677.884630
Total area:                     752687.936968
1
